  function body.c
D:\Project\file\processinjection-via-syscall\process injection using syscall\function body.c(15,78): warning C4047: 'function': 'DWORD' differs in levels of indirection from 'void *'
D:\Project\file\processinjection-via-syscall\process injection using syscall\function body.c(15,74): warning C4024: 'pCreateToolhelp32Snapshot': different types for formal and actual parameter 2
  main.c
D:\Project\file\processinjection-via-syscall\process injection using syscall\main.c(29,2): warning C4047: '=': 'ULONG' differs in levels of indirection from 'void *'
D:\Project\file\processinjection-via-syscall\process injection using syscall\main.c(30,34): warning C4312: 'type cast': conversion from 'int' to 'HANDLE' of greater size
D:\Project\file\processinjection-via-syscall\process injection using syscall\main.c(35,56): warning C4047: 'function': 'ULONG' differs in levels of indirection from 'void *'
D:\Project\file\processinjection-via-syscall\process injection using syscall\main.c(35,52): warning C4024: 'NtAllocateVirtualMemory': different types for formal and actual parameter 3
D:\Project\file\processinjection-via-syscall\process injection using syscall\main.c(40,80): warning C4047: 'function': 'ULONG' differs in levels of indirection from 'void *'
D:\Project\file\processinjection-via-syscall\process injection using syscall\main.c(40,76): warning C4024: 'NtCreateThreadEx': different types for formal and actual parameter 7
D:\Project\file\processinjection-via-syscall\process injection using syscall\main.c(40,85): warning C4047: 'function': 'SIZE_T' differs in levels of indirection from 'void *'
D:\Project\file\processinjection-via-syscall\process injection using syscall\main.c(40,81): warning C4024: 'NtCreateThreadEx': different types for formal and actual parameter 8
D:\Project\file\processinjection-via-syscall\process injection using syscall\main.c(40,90): warning C4047: 'function': 'SIZE_T' differs in levels of indirection from 'void *'
D:\Project\file\processinjection-via-syscall\process injection using syscall\main.c(40,86): warning C4024: 'NtCreateThreadEx': different types for formal and actual parameter 9
D:\Project\file\processinjection-via-syscall\process injection using syscall\main.c(40,95): warning C4047: 'function': 'SIZE_T' differs in levels of indirection from 'void *'
D:\Project\file\processinjection-via-syscall\process injection using syscall\main.c(40,91): warning C4024: 'NtCreateThreadEx': different types for formal and actual parameter 10
D:\Project\file\processinjection-via-syscall\process injection using syscall\main.c(37,1): warning C4047: 'initializing': 'DWORD' differs in levels of indirection from 'void *'
  syscall.c
  Generating code
  10 of 11 functions (90.9%) were compiled, the rest were copied from previous compilation.
    0 functions were new in current compilation
    0 functions had inline decision re-evaluated but remain unchanged
  Finished generating code
  process injection using syscall.vcxproj -> D:\Project\file\processinjection-via-syscall\x64\Release\process injection using syscall.exe
